<?xml version="1.0" encoding="UTF-8"?>
<!-- Generated by org.testng.reporters.JUnitReportReporter -->
<testsuite skipped="0" hostname="Jesse_Dobson_PC" name="org.naic.mfl.se.challenge.tests.WebTest" tests="3" failures="0" timestamp="28 Jan 2019 05:24:39 GMT" time="24.230" errors="0">
  <testcase name="checkoutTest" time="13.578" classname="org.naic.mfl.se.challenge.tests.WebTest"/>
  <testcase name="signUpTest" time="6.889" classname="org.naic.mfl.se.challenge.tests.WebTest"/>
  <testcase name="logInTest" time="3.763" classname="org.naic.mfl.se.challenge.tests.WebTest"/>
</testsuite> <!-- org.naic.mfl.se.challenge.tests.WebTest -->
